$ /Users/adam/Code/kokomoBay/node_modules/.bin/electron node_modules/testeranto/dist/common/electron.js
launchWeb /Users/adam/Code/kokomoBay/dist/web/src/Rectangle/Rectangle.test.electron.mjs
launchNode /Users/adam/Code/kokomoBay/dist/node/src/Rectangle/Rectangle.test.node.mjs {"scheduled":true,"name":"/Users/adam/Code/kokomoBay/dist/node/src/Rectangle/Rectangle.test.node.mjs","ports":[],"fs":"/Users/adam/Code/kokomoBay/dist/node/src/Rectangle/Rectangle.test.node.ts"}
mark5
end
connected! true
testResourceConfiguration {
  "scheduled": true,
  "name": "/Users/adam/Code/kokomoBay/dist/node/src/Rectangle/Rectangle.test.node.mjs",
  "ports": [],
  "fs": "/Users/adam/Code/kokomoBay/dist/node/src/Rectangle/Rectangle.test.node.ts"
}
from child /dist/web/src/ClassicalComponent/test.html
launchWebSecondary /Users/adam/Code/kokomoBay/dist/web/src/ClassicalComponent/test.html
exiting gracefully with 4 failures.
TBrowser {
  browser: CDPBrowser {
    eventsMap: Map(0) {},
    emitter: {
      all: Map(0) {},
      on: [Function: on],
      off: [Function: off],
      emit: [Function: emit]
    }
  }
}
TBrowser {
  browser: CDPBrowser {
    eventsMap: Map(0) {},
    emitter: {
      all: Map(0) {},
      on: [Function: on],
      off: [Function: off],
      emit: [Function: emit]
    }
  }
}
TBrowser {
  browser: CDPBrowser {
    eventsMap: Map(0) {},
    emitter: {
      all: Map(0) {},
      on: [Function: on],
      off: [Function: off],
      emit: [Function: emit]
    }
  }
}
TBrowser {
  browser: CDPBrowser {
    eventsMap: Map(0) {},
    emitter: {
      all: Map(0) {},
      on: [Function: on],
      off: [Function: off],
      emit: [Function: emit]
    }
  }
}
exit from child 1
